error: Jun-16-2023 13:36:18: 	unhandledRejection: ReferenceError: msgToShare is not defined
Error: ReferenceError: msgToShare is not defined
    at Object.showTimeAndMessage (D:\OIH\projects\test-lib\lib\process.js:21:15)
    at Object.<anonymous> (D:\OIH\projects\test-lib\lib\test.js:3:9)
    at Module._compile (node:internal/modules/cjs/loader:1254:14)
    at Module._extensions..js (node:internal/modules/cjs/loader:1308:10)
    at Module.load (node:internal/modules/cjs/loader:1117:32)
    at Module._load (node:internal/modules/cjs/loader:958:12)
    at Function.executeUserEntryPoint [as runMain] (node:internal/modules/run_main:81:12)
    at node:internal/main/run_main_module:23:47
error: Jun-16-2023 13:37:51: 	unhandledRejection: ReferenceError: time is not defined
Error: ReferenceError: time is not defined
    at Object.showTimeAndMessage (D:\OIH\projects\test-lib\lib\process.js:22:15)
    at Object.<anonymous> (D:\OIH\projects\test-lib\lib\test.js:3:9)
    at Module._compile (node:internal/modules/cjs/loader:1254:14)
    at Module._extensions..js (node:internal/modules/cjs/loader:1308:10)
    at Module.load (node:internal/modules/cjs/loader:1117:32)
    at Module._load (node:internal/modules/cjs/loader:958:12)
    at Function.executeUserEntryPoint [as runMain] (node:internal/modules/run_main:81:12)
    at node:internal/main/run_main_module:23:47
error: Jun-16-2023 16:25:43: 	unhandledRejection: log is not defined
ReferenceError: log is not defined
    at D:\OIH\projects\test-lib\lib\test.js:12:5
    at Object.<anonymous> (D:\OIH\projects\test-lib\lib\test.js:15:5)
    at Module._compile (node:internal/modules/cjs/loader:1254:14)
    at Module._extensions..js (node:internal/modules/cjs/loader:1308:10)
    at Module.load (node:internal/modules/cjs/loader:1117:32)
    at Module._load (node:internal/modules/cjs/loader:958:12)
    at Function.executeUserEntryPoint [as runMain] (node:internal/modules/run_main:81:12)
    at node:internal/main/run_main_module:23:47
